> Found 128 images...
> Found 14 images...
Resnet18_2
epoch: 0
train_acc:  48.4375
test_acc: 78.57142857142857
epoch: 1
train_acc:  72.65625
test_acc: 78.57142857142857
epoch: 2
train_acc:  71.875
test_acc: 78.57142857142857
[48.4375, 72.65625, 71.875]
[78.57142857142857, 78.57142857142857, 78.57142857142857]
Resnet50_2
epoch: 0
train_acc:  65.625
test_acc: 78.57142857142857
epoch: 1
train_acc:  68.75
test_acc: 78.57142857142857
epoch: 2
train_acc:  71.875
test_acc: 78.57142857142857
[65.625, 68.75, 71.875]
[78.57142857142857, 78.57142857142857, 78.57142857142857]
